15:12:39.015 [main] INFO  api.test.User_Tests - **********user created*********
15:12:55.764 [main] INFO  api.test.User_Tests - ******user deleted******
12:46:01.066 [main] INFO  api.test.User_Tests2 - **********user created*********
12:46:12.607 [main] INFO  api.test.User_Tests2 - ****user updated****
12:46:18.676 [main] INFO  api.test.User_Tests2 - ******user deleted******
12:49:41.836 [main] INFO  api.test.User_Tests2 - **********user created*********
12:49:51.220 [main] INFO  api.test.User_Tests2 - ****user updated****
12:49:54.690 [main] INFO  api.test.User_Tests2 - ******user deleted******
13:00:45.273 [main] INFO  api.test.User_Tests - **********user created*********
13:00:59.044 [main] INFO  api.test.User_Tests - ******user deleted******
13:17:57.275 [main] INFO  api.test.User_Tests - **********user created*********
13:18:14.848 [main] INFO  api.test.User_Tests - ******user deleted******
13:19:02.662 [main] INFO  api.test.User_Tests - **********user created*********
13:19:16.589 [main] INFO  api.test.User_Tests - ******user deleted******
13:37:13.154 [main] INFO  api.test.User_Tests - **********user created*********
13:37:25.760 [main] INFO  api.test.User_Tests - ******user deleted******
13:38:01.337 [main] INFO  api.test.User_Tests - **********user created*********
13:38:12.595 [main] INFO  api.test.User_Tests - ******user deleted******
13:44:19.993 [main] INFO  api.test.User_Tests - **********user created*********
13:44:32.075 [main] INFO  api.test.User_Tests - ******user deleted******
